[01m[K/home/rvmi/catkin_ws/src/pcl_tutorial/src/normals.cpp:[m[K In function â€˜[01m[Kvoid callback(const ConstPtr&)[m[Kâ€™:
[01m[K/home/rvmi/catkin_ws/src/pcl_tutorial/src/normals.cpp:20:70:[m[K [01;35m[Kwarning: [m[Ktoo many arguments for format [-Wformat-extra-args]
   printf ("Cloud: width = 640, height = 480", msg->width, msg->height);
[01;32m[K                                                                      ^[m[K
[01m[K/home/rvmi/catkin_ws/src/pcl_tutorial/src/normals.cpp:[m[K In function â€˜[01m[Kint main(int, char**)[m[Kâ€™:
[01m[K/home/rvmi/catkin_ws/src/pcl_tutorial/src/normals.cpp:28:3:[m[K [01;31m[Kerror: [m[Kâ€˜[01m[KNodehandle[m[Kâ€™ is not a member of â€˜[01m[Kros[m[Kâ€™
   ros::Nodehandle nh;
[01;32m[K   ^[m[K
[01m[K/home/rvmi/catkin_ws/src/pcl_tutorial/src/normals.cpp:29:25:[m[K [01;31m[Kerror: [m[Kâ€˜[01m[Knh[m[Kâ€™ was not declared in this scope
   ros::Subscriber sub = nh.subscribe<PointCloud>("points2", 1, callaback);
[01;32m[K                         ^[m[K
[01m[K/home/rvmi/catkin_ws/src/pcl_tutorial/src/normals.cpp:29:48:[m[K [01;31m[Kerror: [m[Kexpected primary-expression before â€˜[01m[K>[m[Kâ€™ token
   ros::Subscriber sub = nh.subscribe<PointCloud>("points2", 1, callaback);
[01;32m[K                                                ^[m[K
[01m[K/home/rvmi/catkin_ws/src/pcl_tutorial/src/normals.cpp:29:64:[m[K [01;31m[Kerror: [m[Kâ€˜[01m[Kcallaback[m[Kâ€™ was not declared in this scope
   ros::Subscriber sub = nh.subscribe<PointCloud>("points2", 1, callaback);
[01;32m[K                                                                ^[m[K
[01m[K/home/rvmi/catkin_ws/src/pcl_tutorial/src/normals.cpp:34:21:[m[K [01;31m[Kerror: [m[Kâ€˜[01m[Kcloud[m[Kâ€™ was not declared in this scope
   ne.setInputCloud (cloud);
[01;32m[K                     ^[m[K
make[2]: *** [CMakeFiles/normals.dir/src/normals.cpp.o] Error 1
make[1]: *** [CMakeFiles/normals.dir/all] Error 2
make: *** [all] Error 2
